<?xml version="1.0" encoding="UTF-8"?>
<!-- Generated by org.testng.reporters.JUnitXMLReporter -->
<testsuite hostname="Tanus-MacBook-Pro.local" name="Test" tests="3" failures="0" timestamp="17 May 2018 14:01:58 GMT" time="0.032" errors="0">
  <testcase name="@BeforeTest setUp" time="0.0" classname="com.hellofresh.challenge.WebTest">
    <failure type="org.testng.TestNGException" message="
Parameter &amp;apos;url&amp;apos; is required by @Configuration on method setUp but has not been marked @Optional or defined
in /Users/tanumukherjee/Downloads/qa-test-hf/testng.xml">
      <![CDATA[org.testng.TestNGException: 
Parameter 'url' is required by @Configuration on method setUp but has not been marked @Optional or defined
in /Users/tanumukherjee/Downloads/qa-test-hf/testng.xml
... Removed 19 stack frames]]>
    </failure>
  </testcase> <!-- @BeforeTest setUp -->
  <testcase name="signInTest" time="0.005" classname="com.hellofresh.challenge.WebTest">
    <skipped/>
  </testcase> <!-- signInTest -->
  <testcase name="logInTest" time="0.001" classname="com.hellofresh.challenge.WebTest">
    <skipped/>
  </testcase> <!-- logInTest -->
  <testcase name="checkoutTest" time="0.001" classname="com.hellofresh.challenge.WebTest">
    <skipped/>
  </testcase> <!-- checkoutTest -->
</testsuite> <!-- Test -->
