<?xml version="1.0" encoding="UTF-8"?>
<!-- Generated by org.testng.reporters.JUnitXMLReporter -->
<testsuite hostname="Tanus-MacBook-Pro.local" name="Test Web" tests="3" failures="0" timestamp="18 May 2018 13:14:37 GMT" time="39.73" errors="0">
  <testcase name="signInTest" time="10.281" classname="com.hellofresh.challenge.WebTest"/>
  <testcase name="logInTest" time="3.262" classname="com.hellofresh.challenge.WebTest"/>
  <testcase name="checkoutTest" time="16.411" classname="com.hellofresh.challenge.WebTest"/>
</testsuite> <!-- Test Web -->
