<?xml version="1.0" encoding="UTF-8"?>
<!-- Generated by org.testng.reporters.JUnitXMLReporter -->
<testsuite hostname="Tanus-MacBook-Pro.local" name="Test Web" tests="3" failures="0" timestamp="18 May 2018 14:34:00 GMT" time="51.258" errors="0">
  <testcase name="signUpTest" time="9.186" classname="com.hellofresh.challenge.WebTest"/>
  <testcase name="logInTest" time="3.268" classname="com.hellofresh.challenge.WebTest"/>
  <testcase name="checkoutTest" time="15.979" classname="com.hellofresh.challenge.WebTest"/>
</testsuite> <!-- Test Web -->
