<?xml version="1.0" encoding="UTF-8"?>
<testng-results skipped="0" failed="0" total="3" passed="3">
  <reporter-output>
  </reporter-output>
  <suite name="Suite" duration-ms="51258" started-at="2018-05-18T14:33:04Z" finished-at="2018-05-18T14:33:55Z">
    <groups>
    </groups>
    <test name="Test Web" duration-ms="51258" started-at="2018-05-18T14:33:04Z" finished-at="2018-05-18T14:33:55Z">
      <class name="com.hellofresh.challenge.WebTest">
        <test-method status="PASS" signature="setUp(java.lang.String)[pri:0, instance:com.hellofresh.challenge.WebTest@72f926e6]" name="setUp" is-config="true" duration-ms="22664" started-at="2018-05-18T20:03:04Z" finished-at="2018-05-18T20:03:27Z">
          <params>
            <param index="0">
              <value>
                <![CDATA[http://automationpractice.com/index.php]]>
              </value>
            </param>
          </params>
          <reporter-output>
          </reporter-output>
        </test-method> <!-- setUp -->
        <test-method status="PASS" signature="signUpTest()[pri:0, instance:com.hellofresh.challenge.WebTest@72f926e6]" name="signUpTest" duration-ms="9186" started-at="2018-05-18T20:03:27Z" finished-at="2018-05-18T20:03:36Z">
          <reporter-output>
          </reporter-output>
        </test-method> <!-- signUpTest -->
        <test-method status="PASS" signature="logInTest(java.lang.String, java.lang.String)[pri:0, instance:com.hellofresh.challenge.WebTest@72f926e6]" name="logInTest" duration-ms="3268" started-at="2018-05-18T20:03:36Z" data-provider="getData" depends-on-methods="com.hellofresh.challenge.WebTest.signUpTest" finished-at="2018-05-18T20:03:39Z">
          <params>
            <param index="0">
              <value>
                <![CDATA[hf_challenge_123456@hf12345.com]]>
              </value>
            </param>
            <param index="1">
              <value>
                <![CDATA[12345678]]>
              </value>
            </param>
          </params>
          <reporter-output>
          </reporter-output>
        </test-method> <!-- logInTest -->
        <test-method status="PASS" signature="checkoutTest()[pri:0, instance:com.hellofresh.challenge.WebTest@72f926e6]" name="checkoutTest" duration-ms="15979" started-at="2018-05-18T20:03:39Z" depends-on-methods="com.hellofresh.challenge.WebTest.logInTest" finished-at="2018-05-18T20:03:55Z">
          <reporter-output>
          </reporter-output>
        </test-method> <!-- checkoutTest -->
        <test-method status="PASS" signature="tearDown()[pri:0, instance:com.hellofresh.challenge.WebTest@72f926e6]" name="tearDown" is-config="true" duration-ms="149" started-at="2018-05-18T20:03:55Z" finished-at="2018-05-18T20:03:55Z">
          <reporter-output>
          </reporter-output>
        </test-method> <!-- tearDown -->
      </class> <!-- com.hellofresh.challenge.WebTest -->
    </test> <!-- Test Web -->
  </suite> <!-- Suite -->
</testng-results>
