<?xml version="1.0" encoding="UTF-8"?>
<testsuite xmlns:xsi="http://www.w3.org/2001/XMLSchema-instance" xsi:noNamespaceSchemaLocation="https://maven.apache.org/surefire/maven-surefire-plugin/xsd/surefire-test-report.xsd" name="TestSuite" time="72.169" tests="3" errors="0" skipped="0" failures="0">
  <properties>
[...]
</properties>
  <testcase name="signUpTest" classname="com.hellofresh.challenge.WebTest" time="9.187"/>
  <testcase name="logInTest" classname="com.hellofresh.challenge.WebTest" time="3.268"/>
  <testcase name="checkoutTest" classname="com.hellofresh.challenge.WebTest" time="15.979"/>
</testsuite>