<?xml version="1.0" encoding="UTF-8"?>
<testng-results skipped="2" failed="0" total="2" passed="0">
  <reporter-output>
  </reporter-output>
  <suite name="Default suite" duration-ms="34" started-at="2018-05-17T17:32:28Z" finished-at="2018-05-17T17:32:28Z">
    <groups>
    </groups>
    <test name="Default test" duration-ms="34" started-at="2018-05-17T17:32:28Z" finished-at="2018-05-17T17:32:28Z">
      <class name="com.hellofresh.challenge.WebTest">
        <test-method status="FAIL" signature="setUp(java.lang.String)[pri:0, instance:com.hellofresh.challenge.WebTest@d4342c2]" name="setUp" is-config="true" duration-ms="0" started-at="2018-05-17T23:02:28Z" finished-at="2018-05-17T23:02:28Z">
          <exception class="org.testng.TestNGException">
            <message>
              <![CDATA[
Parameter 'url' is required by @Configuration on method setUp but has not been marked @Optional or defined
in /private/var/folders/d2/6m6mnjpx7w711442w9k4cxs00000gn/T/testng-eclipse-1280825979/testng-customsuite.xml]]>
            </message>
            <full-stacktrace>
              <![CDATA[org.testng.TestNGException: 
Parameter 'url' is required by @Configuration on method setUp but has not been marked @Optional or defined
in /private/var/folders/d2/6m6mnjpx7w711442w9k4cxs00000gn/T/testng-eclipse-1280825979/testng-customsuite.xml
	at org.testng.internal.Parameters.createParameters(Parameters.java:155)
	at org.testng.internal.Parameters.createParameters(Parameters.java:355)
	at org.testng.internal.Parameters.createConfigurationParameters(Parameters.java:86)
	at org.testng.internal.Invoker.invokeConfigurations(Invoker.java:199)
	at org.testng.internal.Invoker.invokeConfigurations(Invoker.java:138)
	at org.testng.TestRunner.beforeRun(TestRunner.java:641)
	at org.testng.TestRunner.run(TestRunner.java:609)
	at org.testng.SuiteRunner.runTest(SuiteRunner.java:334)
	at org.testng.SuiteRunner.runSequentially(SuiteRunner.java:329)
	at org.testng.SuiteRunner.privateRun(SuiteRunner.java:291)
	at org.testng.SuiteRunner.run(SuiteRunner.java:240)
	at org.testng.SuiteRunnerWorker.runSuite(SuiteRunnerWorker.java:52)
	at org.testng.SuiteRunnerWorker.run(SuiteRunnerWorker.java:86)
	at org.testng.TestNG.runSuitesSequentially(TestNG.java:1198)
	at org.testng.TestNG.runSuitesLocally(TestNG.java:1123)
	at org.testng.TestNG.run(TestNG.java:1031)
	at org.testng.remote.AbstractRemoteTestNG.run(AbstractRemoteTestNG.java:114)
	at org.testng.remote.RemoteTestNG.initAndRun(RemoteTestNG.java:251)
	at org.testng.remote.RemoteTestNG.main(RemoteTestNG.java:77)
]]>
            </full-stacktrace>
          </exception> <!-- org.testng.TestNGException -->
          <reporter-output>
          </reporter-output>
        </test-method> <!-- setUp -->
        <test-method status="SKIP" signature="signInTest()[pri:0, instance:com.hellofresh.challenge.WebTest@d4342c2]" name="signInTest" duration-ms="5" started-at="2018-05-17T23:02:28Z" finished-at="2018-05-17T23:02:28Z">
          <reporter-output>
          </reporter-output>
        </test-method> <!-- signInTest -->
        <test-method status="SKIP" signature="logInTest()[pri:0, instance:com.hellofresh.challenge.WebTest@d4342c2]" name="logInTest" duration-ms="1" started-at="2018-05-17T23:02:28Z" finished-at="2018-05-17T23:02:28Z">
          <reporter-output>
          </reporter-output>
        </test-method> <!-- logInTest -->
        <test-method status="SKIP" signature="tearDown()[pri:0, instance:com.hellofresh.challenge.WebTest@d4342c2]" name="tearDown" is-config="true" duration-ms="0" started-at="2018-05-17T23:02:28Z" finished-at="2018-05-17T23:02:28Z">
          <reporter-output>
          </reporter-output>
        </test-method> <!-- tearDown -->
      </class> <!-- com.hellofresh.challenge.WebTest -->
    </test> <!-- Default test -->
  </suite> <!-- Default suite -->
</testng-results>
